<?xml version="1.0" encoding="UTF-8"?>
<!-- Generated by org.testng.reporters.JUnitXMLReporter -->
<testsuite hostname="DDC5-L-G01L1S3" ignored="0" name="Default test" tests="5" failures="2" timestamp="22 Apr 2021 11:15:26 GMT" time="51.815" errors="0">
  <testcase name="runScenario" time="26.127" classname="io.cucumber.testng.AbstractTestNGCucumberTests"/>
  <testcase name="runScenario" time="27.402" classname="io.cucumber.testng.AbstractTestNGCucumberTests"/>
  <testcase name="runScenario" time="38.785" classname="io.cucumber.testng.AbstractTestNGCucumberTests"/>
  <testcase name="runScenario" time="41.553" classname="io.cucumber.testng.AbstractTestNGCucumberTests">
    <failure type="java.lang.AssertionError" message="expected:&amp;lt;6&amp;gt; but was:&amp;lt;5&amp;gt;">
      <![CDATA[java.lang.AssertionError: expected:<6> but was:<5>
at org.junit.Assert.fail(Assert.java:89)
at org.junit.Assert.failNotEquals(Assert.java:835)
at org.junit.Assert.assertEquals(Assert.java:647)
at org.junit.Assert.assertEquals(Assert.java:633)
at parallel.AccountPageSteps.links_are_displayed_in_the_account_section(AccountPageSteps.java:43)
at ✽."6" links are displayed in the account section(file:///C:/Users/shashank.basant/eclipse-workspace/CucumberPOMFramework/src/test/resources/parallel/AccountPage.feature:21)
]]>
    </failure>
  </testcase> <!-- runScenario -->
  <testcase name="runScenario" time="44.377" classname="io.cucumber.testng.AbstractTestNGCucumberTests">
    <failure type="org.junit.ComparisonFailure" message="expected:&amp;lt;My [A]ccount - My Store&amp;gt; but was:&amp;lt;My [a]ccount - My Store&amp;gt;">
      <![CDATA[org.junit.ComparisonFailure: expected:<My [A]ccount - My Store> but was:<My [a]ccount - My Store>
at org.junit.Assert.assertEquals(Assert.java:117)
at org.junit.Assert.assertEquals(Assert.java:146)
at parallel.LoginSteps.page_title_should_be(LoginSteps.java:28)
at ✽.Page title should be "My Account - My Store"(file:///C:/Users/shashank.basant/eclipse-workspace/CucumberPOMFramework/src/test/resources/parallel/LoginPage.feature:18)
]]>
    </failure>
  </testcase> <!-- runScenario -->
</testsuite> <!-- Default test -->
