-------------------------------------------------------------------------------
Test set: Account Page Feature
-------------------------------------------------------------------------------
Tests run: 2, Failures: 1, Errors: 0, Skipped: 0, Time elapsed: 51.01 s <<< FAILURE! - in Account Page Feature
Account Section Links(Account Page Feature)  Time elapsed: 23.821 s  <<< FAILURE!
java.lang.AssertionError: expected:<6> but was:<5>

