<?xml version="1.0" encoding="UTF-8"?>
<testsuite xmlns:xsi="http://www.w3.org/2001/XMLSchema-instance" xsi:noNamespaceSchemaLocation="https://maven.apache.org/surefire/maven-failsafe-plugin/xsd/failsafe-test-report-3.0.xsd" version="3.0" name="Account Page Feature" time="51.01" tests="2" errors="0" skipped="0" failures="1">
  <properties>
[...]
</properties>
  <testcase name="Accounts page title" classname="Account Page Feature" time="27.187"/>
  <testcase name="Account Section Links" classname="Account Page Feature" time="23.821">
    <failure message="expected:&lt;6&gt; but was:&lt;5&gt;" type="java.lang.AssertionError"><![CDATA[java.lang.AssertionError: expected:<6> but was:<5>
]]></failure>
    <system-out><![CDATA[
Scenario: Account Section Links                       # src/test/resources/features/AccountPage.feature:13
Browser is: chrome
  Given User is logged in to application              # stepDefinitions.AccountPageSteps.user_is_logged_in_to_application(io.cucumber.datatable.DataTable)
  Given User is on Accounts page                      # stepDefinitions.AccountPageSteps.user_is_on_accounts_page()
  Then User gets account section links                # stepDefinitions.AccountPageSteps.user_gets_account_section_links(io.cucumber.datatable.DataTable)
  Then "6" links are displayed in the account section # stepDefinitions.AccountPageSteps.links_are_displayed_in_the_account_section(java.lang.String)
      java.lang.AssertionError: expected:<6> but was:<5>
	at org.junit.Assert.fail(Assert.java:89)
	at org.junit.Assert.failNotEquals(Assert.java:835)
	at org.junit.Assert.assertEquals(Assert.java:647)
	at org.junit.Assert.assertEquals(Assert.java:633)
	at stepDefinitions.AccountPageSteps.links_are_displayed_in_the_account_section(AccountPageSteps.java:43)
	at âœ½."6" links are displayed in the account section(file:///C:/Users/shashank.basant/eclipse-workspace/CucumberPOMFramework/src/test/resources/features/AccountPage.feature:21)


    Embedding Account_Section_Links [image/png 165271 bytes]

]]></system-out>
    <system-err><![CDATA[Starting ChromeDriver 90.0.4430.24 (4c6d850f087da467d926e8eddb76550aed655991-refs/branch-heads/4430@{#429}) on port 10654
Only local connections are allowed.
Please see https://chromedriver.chromium.org/security-considerations for suggestions on keeping ChromeDriver safe.
ChromeDriver was started successfully.
Apr 22, 2021 3:53:30 PM org.openqa.selenium.remote.ProtocolHandshake createSession
INFO: Detected dialect: W3C
]]></system-err>
  </testcase>
</testsuite>