<?xml version="1.0" encoding="UTF-8"?>
<!-- Generated by org.testng.reporters.JUnitReportReporter -->
<testsuite skipped="0" hostname="DDC5-L-G01L1S3" name="parallel.ParallelTestNG" tests="3" failures="1" timestamp="26 Apr 2021 10:32:24 GMT" time="59.708" errors="0">
  <testcase name="runScenario" time="20.294" classname="parallel.ParallelTestNG"/>
  <testcase name="runScenario" time="20.629" classname="parallel.ParallelTestNG">
    <failure type="org.junit.ComparisonFailure" message="expected:&lt;[My Account] - My Store&gt; but was:&lt;[Login] - My Store&gt;">
      <![CDATA[org.junit.ComparisonFailure: expected:<[My Account] - My Store> but was:<[Login] - My Store>
at org.junit.Assert.assertEquals(Assert.java:117)
at org.junit.Assert.assertEquals(Assert.java:146)
at parallel.LoginSteps.page_title_should_be(LoginSteps.java:28)
at ✽.Page title should be "My Account - My Store"(file:///C:/Users/shashank.basant/eclipse-workspace/CucumberPOMFramework/src/test/resources/parallel/LoginPage.feature:18)
]]>
    </failure>
  </testcase> <!-- runScenario -->
  <testcase name="runScenario" time="18.785" classname="parallel.ParallelTestNG"/>
</testsuite> <!-- parallel.ParallelTestNG -->
